<?xml version="1.0" encoding="UTF-8"?>
<testsuite xmlns:xsi="http://www.w3.org/2001/XMLSchema-instance" xsi:noNamespaceSchemaLocation="https://maven.apache.org/surefire/maven-surefire-plugin/xsd/surefire-test-report.xsd" name="com.project.personal_management.AppTest" time="0.042" tests="1" errors="0" skipped="0" failures="0">
  <properties>
    <property name="java.specification.version" value="17"/>
    <property name="sun.jnu.encoding" value="UTF-8"/>
    <property name="java.class.path" value="/data/Documentos/eclipse-workspace/personal-management/target/test-classes:/data/Documentos/eclipse-workspace/personal-management/target/classes:/home/pablo/.m2/repository/junit/junit/4.11/junit-4.11.jar:/home/pablo/.m2/repository/org/hamcrest/hamcrest-core/1.3/hamcrest-core-1.3.jar:/home/pablo/.m2/repository/com/google/code/gson/gson/2.8.8/gson-2.8.8.jar:/home/pablo/.m2/repository/mysql/mysql-connector-java/8.0.28/mysql-connector-java-8.0.28.jar:/home/pablo/.m2/repository/com/google/protobuf/protobuf-java/3.11.4/protobuf-java-3.11.4.jar:"/>
    <property name="java.vm.vendor" value="Gentoo"/>
    <property name="sun.arch.data.model" value="64"/>
    <property name="java.vendor.url" value="https://gentoo.org"/>
    <property name="os.name" value="Linux"/>
    <property name="java.vm.specification.version" value="17"/>
    <property name="sun.java.launcher" value="SUN_STANDARD"/>
    <property name="user.country" value="AR"/>
    <property name="sun.boot.library.path" value="/usr/lib64/openjdk-17/lib"/>
    <property name="sun.java.command" value="/data/Documentos/eclipse-workspace/personal-management/target/surefire/surefirebooter6629392151724357939.jar /data/Documentos/eclipse-workspace/personal-management/target/surefire 2024-07-09T01-32-38_608-jvmRun1 surefire3579026046809206293tmp surefire_08815695525572566747tmp"/>
    <property name="jdk.debug" value="release"/>
    <property name="surefire.test.class.path" value="/data/Documentos/eclipse-workspace/personal-management/target/test-classes:/data/Documentos/eclipse-workspace/personal-management/target/classes:/home/pablo/.m2/repository/junit/junit/4.11/junit-4.11.jar:/home/pablo/.m2/repository/org/hamcrest/hamcrest-core/1.3/hamcrest-core-1.3.jar:/home/pablo/.m2/repository/com/google/code/gson/gson/2.8.8/gson-2.8.8.jar:/home/pablo/.m2/repository/mysql/mysql-connector-java/8.0.28/mysql-connector-java-8.0.28.jar:/home/pablo/.m2/repository/com/google/protobuf/protobuf-java/3.11.4/protobuf-java-3.11.4.jar:"/>
    <property name="sun.cpu.endian" value="little"/>
    <property name="user.home" value="/home/pablo"/>
    <property name="user.language" value="es"/>
    <property name="java.specification.vendor" value="Oracle Corporation"/>
    <property name="java.version.date" value="2024-01-16"/>
    <property name="java.home" value="/usr/lib64/openjdk-17"/>
    <property name="file.separator" value="/"/>
    <property name="style.color" value="always"/>
    <property name="basedir" value="/data/Documentos/eclipse-workspace/personal-management"/>
    <property name="java.vm.compressedOopsMode" value="Zero based"/>
    <property name="line.separator" value="&#10;"/>
    <property name="java.vm.specification.vendor" value="Oracle Corporation"/>
    <property name="java.specification.name" value="Java Platform API Specification"/>
    <property name="surefire.real.class.path" value="/data/Documentos/eclipse-workspace/personal-management/target/surefire/surefirebooter6629392151724357939.jar"/>
    <property name="sun.management.compiler" value="HotSpot 64-Bit Tiered Compilers"/>
    <property name="java.runtime.version" value="17.0.10+7"/>
    <property name="user.name" value="pablo"/>
    <property name="path.separator" value=":"/>
    <property name="os.version" value="6.9.8-gentoo-pablinchoO"/>
    <property name="java.runtime.name" value="OpenJDK Runtime Environment"/>
    <property name="file.encoding" value="UTF-8"/>
    <property name="java.vm.name" value="OpenJDK 64-Bit Server VM"/>
    <property name="java.vendor.version" value="17.0.10_p7"/>
    <property name="localRepository" value="/home/pablo/.m2/repository"/>
    <property name="java.vendor.url.bug" value="https://bugs.gentoo.org"/>
    <property name="java.io.tmpdir" value="/tmp"/>
    <property name="java.version" value="17.0.10"/>
    <property name="user.dir" value="/data/Documentos/eclipse-workspace/personal-management"/>
    <property name="os.arch" value="amd64"/>
    <property name="java.vm.specification.name" value="Java Virtual Machine Specification"/>
    <property name="native.encoding" value="UTF-8"/>
    <property name="java.library.path" value="/usr/java/packages/lib:/usr/lib64:/lib64:/lib:/usr/lib"/>
    <property name="java.vm.info" value="mixed mode, sharing"/>
    <property name="java.vendor" value="Gentoo"/>
    <property name="java.vm.version" value="17.0.10+7"/>
    <property name="sun.io.unicode.encoding" value="UnicodeLittle"/>
    <property name="java.class.version" value="61.0"/>
  </properties>
  <testcase name="shouldAnswerWithTrue" classname="com.project.personal_management.AppTest" time="0.001"/>
</testsuite>